<?xml version="1.0" encoding="UTF-8"?>
<testsuite xmlns:xsi="http://www.w3.org/2001/XMLSchema-instance" xsi:noNamespaceSchemaLocation="https://maven.apache.org/surefire/maven-surefire-plugin/xsd/surefire-test-report-3.0.xsd" version="3.0" name="com.everythingin.order.OrderApplicationTests" time="4.149" tests="1" errors="0" skipped="0" failures="0">
  <properties>
[...]
</properties>
  <testcase name="contextLoads" classname="com.everythingin.order.OrderApplicationTests" time="0.895">
    <system-out><![CDATA[00:05:54.472 [main] INFO org.springframework.test.context.support.AnnotationConfigContextLoaderUtils -- Could not detect default configuration classes for test class [com.everythingin.order.OrderApplicationTests]: OrderApplicationTests does not declare any static, non-private, non-final, nested classes annotated with @Configuration.
00:05:54.577 [main] INFO org.springframework.boot.test.context.SpringBootTestContextBootstrapper -- Found @SpringBootConfiguration com.everythingin.order.OrderApplication for test class com.everythingin.order.OrderApplicationTests

  .   ____          _            __ _ _
 /\\ / ___'_ __ _ _(_)_ __  __ _ \ \ \ \
( ( )\___ | '_ | '_| | '_ \/ _` | \ \ \ \
 \\/  ___)| |_)| | | | | || (_| |  ) ) ) )
  '  |____| .__|_| |_|_| |_\__, | / / / /
 =========|_|==============|___/=/_/_/_/
 :: Spring Boot ::                (v3.2.4)

2024-03-28T00:05:54.979-04:00  INFO 24888 --- [order] [           main] c.e.order.OrderApplicationTests          : Starting OrderApplicationTests using Java 19.0.1 with PID 24888 (started by hemes in C:\Users\hemes\OneDrive\Desktop\microservice-project\order)
2024-03-28T00:05:54.980-04:00  INFO 24888 --- [order] [           main] c.e.order.OrderApplicationTests          : No active profile set, falling back to 1 default profile: "default"
2024-03-28T00:05:55.866-04:00  INFO 24888 --- [order] [           main] .s.d.r.c.RepositoryConfigurationDelegate : Multiple Spring Data modules found, entering strict repository configuration mode
2024-03-28T00:05:55.868-04:00  INFO 24888 --- [order] [           main] .s.d.r.c.RepositoryConfigurationDelegate : Bootstrapping Spring Data MongoDB repositories in DEFAULT mode.
2024-03-28T00:05:55.920-04:00  INFO 24888 --- [order] [           main] .s.d.r.c.RepositoryConfigurationDelegate : Finished Spring Data repository scanning in 48 ms. Found 1 MongoDB repository interface.
2024-03-28T00:05:56.486-04:00  INFO 24888 --- [order] [vxu.mongodb.net] org.mongodb.driver.cluster               : Adding discovered server ac-rvelexv-shard-00-02.es24vxu.mongodb.net:27017 to client view of cluster
2024-03-28T00:05:56.499-04:00  INFO 24888 --- [order] [           main] org.mongodb.driver.client                : MongoClient with metadata {"driver": {"name": "mongo-java-driver|sync|spring-boot", "version": "4.11.1"}, "os": {"type": "Windows", "name": "Windows 11", "architecture": "amd64", "version": "10.0"}, "platform": "Java/Oracle Corporation/19.0.1+10-21"} created with settings MongoClientSettings{readPreference=primary, writeConcern=WriteConcern{w=null, wTimeout=null ms, journal=null}, retryWrites=true, retryReads=true, readConcern=ReadConcern{level=null}, credential=MongoCredential{mechanism=null, userName='hemeshwar257', source='admin', password=<hidden>, mechanismProperties=<hidden>}, transportSettings=null, streamFactoryFactory=null, commandListeners=[], codecRegistry=ProvidersCodecRegistry{codecProviders=[ValueCodecProvider{}, BsonValueCodecProvider{}, DBRefCodecProvider{}, DBObjectCodecProvider{}, DocumentCodecProvider{}, CollectionCodecProvider{}, IterableCodecProvider{}, MapCodecProvider{}, GeoJsonCodecProvider{}, GridFSFileCodecProvider{}, Jsr310CodecProvider{}, JsonObjectCodecProvider{}, BsonCodecProvider{}, EnumCodecProvider{}, com.mongodb.client.model.mql.ExpressionCodecProvider@3f5156a6, com.mongodb.Jep395RecordCodecProvider@72bdd7c7, com.mongodb.KotlinCodecProvider@7d17ee50]}, loggerSettings=LoggerSettings{maxDocumentLength=1000}, clusterSettings={hosts=[127.0.0.1:27017], srvHost=cluster0.es24vxu.mongodb.net, srvServiceName=mongodb, mode=MULTIPLE, requiredClusterType=REPLICA_SET, requiredReplicaSetName='atlas-zevpo3-shard-0', serverSelector='null', clusterListeners='[]', serverSelectionTimeout='30000 ms', localThreshold='15 ms'}, socketSettings=SocketSettings{connectTimeoutMS=10000, readTimeoutMS=0, receiveBufferSize=0, proxySettings=ProxySettings{host=null, port=null, username=null, password=null}}, heartbeatSocketSettings=SocketSettings{connectTimeoutMS=10000, readTimeoutMS=10000, receiveBufferSize=0, proxySettings=ProxySettings{host=null, port=null, username=null, password=null}}, connectionPoolSettings=ConnectionPoolSettings{maxSize=100, minSize=0, maxWaitTimeMS=120000, maxConnectionLifeTimeMS=0, maxConnectionIdleTimeMS=0, maintenanceInitialDelayMS=0, maintenanceFrequencyMS=60000, connectionPoolListeners=[], maxConnecting=2}, serverSettings=ServerSettings{heartbeatFrequencyMS=10000, minHeartbeatFrequencyMS=500, serverListeners='[]', serverMonitorListeners='[]'}, sslSettings=SslSettings{enabled=true, invalidHostNameAllowed=false, context=null}, applicationName='null', compressorList=[], uuidRepresentation=JAVA_LEGACY, serverApi=null, autoEncryptionSettings=null, dnsClient=null, inetAddressResolver=null, contextProvider=null}
2024-03-28T00:05:56.521-04:00  INFO 24888 --- [order] [vxu.mongodb.net] org.mongodb.driver.cluster               : Adding discovered server ac-rvelexv-shard-00-01.es24vxu.mongodb.net:27017 to client view of cluster
2024-03-28T00:05:56.523-04:00  INFO 24888 --- [order] [vxu.mongodb.net] org.mongodb.driver.cluster               : Adding discovered server ac-rvelexv-shard-00-00.es24vxu.mongodb.net:27017 to client view of cluster
2024-03-28T00:05:57.083-04:00  INFO 24888 --- [order] [ngodb.net:27017] org.mongodb.driver.cluster               : Monitor thread successfully connected to server with description ServerDescription{address=ac-rvelexv-shard-00-02.es24vxu.mongodb.net:27017, type=REPLICA_SET_PRIMARY, state=CONNECTED, ok=true, minWireVersion=0, maxWireVersion=21, maxDocumentSize=16777216, logicalSessionTimeoutMinutes=30, roundTripTimeNanos=318407900, setName='atlas-zevpo3-shard-0', canonicalAddress=ac-rvelexv-shard-00-02.es24vxu.mongodb.net:27017, hosts=[ac-rvelexv-shard-00-00.es24vxu.mongodb.net:27017, ac-rvelexv-shard-00-02.es24vxu.mongodb.net:27017, ac-rvelexv-shard-00-01.es24vxu.mongodb.net:27017], passives=[], arbiters=[], primary='ac-rvelexv-shard-00-02.es24vxu.mongodb.net:27017', tagSet=TagSet{[Tag{name='availabilityZone', value='use1-az1'}, Tag{name='diskState', value='READY'}, Tag{name='nodeType', value='ELECTABLE'}, Tag{name='provider', value='AWS'}, Tag{name='region', value='US_EAST_1'}, Tag{name='workloadType', value='OPERATIONAL'}]}, electionId=7fffffff00000000000000eb, setVersion=12, topologyVersion=TopologyVersion{processId=65f9ef7ec3f807e693da2fa6, counter=6}, lastWriteDate=Thu Mar 28 00:05:54 EDT 2024, lastUpdateTimeNanos=51724379826900}
2024-03-28T00:05:57.083-04:00  INFO 24888 --- [order] [ngodb.net:27017] org.mongodb.driver.cluster               : Monitor thread successfully connected to server with description ServerDescription{address=ac-rvelexv-shard-00-00.es24vxu.mongodb.net:27017, type=REPLICA_SET_SECONDARY, state=CONNECTED, ok=true, minWireVersion=0, maxWireVersion=21, maxDocumentSize=16777216, logicalSessionTimeoutMinutes=30, roundTripTimeNanos=317517000, setName='atlas-zevpo3-shard-0', canonicalAddress=ac-rvelexv-shard-00-00.es24vxu.mongodb.net:27017, hosts=[ac-rvelexv-shard-00-00.es24vxu.mongodb.net:27017, ac-rvelexv-shard-00-02.es24vxu.mongodb.net:27017, ac-rvelexv-shard-00-01.es24vxu.mongodb.net:27017], passives=[], arbiters=[], primary='ac-rvelexv-shard-00-02.es24vxu.mongodb.net:27017', tagSet=TagSet{[Tag{name='availabilityZone', value='use1-az4'}, Tag{name='diskState', value='READY'}, Tag{name='nodeType', value='ELECTABLE'}, Tag{name='provider', value='AWS'}, Tag{name='region', value='US_EAST_1'}, Tag{name='workloadType', value='OPERATIONAL'}]}, electionId=null, setVersion=12, topologyVersion=TopologyVersion{processId=6603cefaa38a518357f06a69, counter=3}, lastWriteDate=Thu Mar 28 00:05:54 EDT 2024, lastUpdateTimeNanos=51724379826900}
2024-03-28T00:05:57.083-04:00  INFO 24888 --- [order] [ngodb.net:27017] org.mongodb.driver.cluster               : Monitor thread successfully connected to server with description ServerDescription{address=ac-rvelexv-shard-00-01.es24vxu.mongodb.net:27017, type=REPLICA_SET_SECONDARY, state=CONNECTED, ok=true, minWireVersion=0, maxWireVersion=21, maxDocumentSize=16777216, logicalSessionTimeoutMinutes=30, roundTripTimeNanos=319037500, setName='atlas-zevpo3-shard-0', canonicalAddress=ac-rvelexv-shard-00-01.es24vxu.mongodb.net:27017, hosts=[ac-rvelexv-shard-00-00.es24vxu.mongodb.net:27017, ac-rvelexv-shard-00-02.es24vxu.mongodb.net:27017, ac-rvelexv-shard-00-01.es24vxu.mongodb.net:27017], passives=[], arbiters=[], primary='ac-rvelexv-shard-00-02.es24vxu.mongodb.net:27017', tagSet=TagSet{[Tag{name='availabilityZone', value='use1-az6'}, Tag{name='diskState', value='READY'}, Tag{name='nodeType', value='ELECTABLE'}, Tag{name='provider', value='AWS'}, Tag{name='region', value='US_EAST_1'}, Tag{name='workloadType', value='OPERATIONAL'}]}, electionId=null, setVersion=12, topologyVersion=TopologyVersion{processId=65f9efdb7ea4a25dcc6c62fd, counter=3}, lastWriteDate=Thu Mar 28 00:05:54 EDT 2024, lastUpdateTimeNanos=51724380042900}
2024-03-28T00:05:57.087-04:00  INFO 24888 --- [order] [ngodb.net:27017] org.mongodb.driver.cluster               : Discovered replica set primary ac-rvelexv-shard-00-02.es24vxu.mongodb.net:27017 with max election id 7fffffff00000000000000eb and max set version 12
2024-03-28T00:05:57.530-04:00  INFO 24888 --- [order] [           main] c.e.order.OrderApplicationTests          : Started OrderApplicationTests in 2.791 seconds (process running for 3.875)
]]></system-out>
  </testcase>
</testsuite>